2025-08-26 23:44:33,330 [INFO ]  Logging initialized. Log file at: outputs/logs/run.log
2025-08-26 23:44:33,330 [INFO ]  --- Starting Analysis Run ---
2025-08-26 23:44:33,330 [INFO ]  Loading configuration from: config/survey_config.yaml
2025-08-26 23:44:33,333 [INFO ]  Loading data from local file: data/raw/Perceived Employability Confidence of CS Students (Responses) From 2nd to 4th year.ods
2025-08-26 23:44:33,439 [INFO ]  Loaded 60 rows and 24 columns.
2025-08-26 23:44:33,440 [INFO ]  Starting schema validation and type coercion.
2025-08-26 23:44:33,442 [INFO ]  Value counts for grouping column 'year_level' (after cleaning):
year_level
2    20
3    20
4    20
2025-08-26 23:44:33,449 [INFO ]  Validation and cleaning complete.
2025-08-26 23:44:33,449 [INFO ]  Performing de-duplication and QA.
2025-08-26 23:44:33,450 [INFO ]  Removed 0 duplicate rows.
2025-08-26 23:44:33,453 [INFO ]  T0 (Coverage) and T1 (Sample Profile) saved.
2025-08-26 23:44:33,453 [INFO ]  Applying reverse scoring.
2025-08-26 23:44:33,453 [INFO ]  Computing composite scores.
2025-08-26 23:44:33,462 [INFO ]  Computed composite 'score_technical'.
2025-08-26 23:44:33,469 [INFO ]  Computed composite 'score_soft'.
2025-08-26 23:44:33,477 [INFO ]  Computed composite 'score_job_readiness'.
2025-08-26 23:44:33,484 [INFO ]  Computed composite 'score_industry_trend'.
2025-08-26 23:44:33,485 [INFO ]  Computed 'evidence_score'.
2025-08-26 23:44:33,486 [INFO ]  Cleaned data saved to data/interim/data_clean.csv
2025-08-26 23:44:33,486 [INFO ]  Generating descriptive statistics tables.
2025-08-26 23:44:33,582 [INFO ]  Descriptive tables compiled into outputs/tables/ALL_TABLES.xlsx
2025-08-26 23:44:33,582 [INFO ]  Running comparative tests and generating visualizations.
2025-08-26 23:44:33,650 [INFO ]  Using categorical units to plot a list of strings that are all parsable as floats or dates. If these strings should be plotted as numbers, cast to the appropriate data type before plotting.
2025-08-26 23:44:33,653 [INFO ]  Using categorical units to plot a list of strings that are all parsable as floats or dates. If these strings should be plotted as numbers, cast to the appropriate data type before plotting.
2025-08-26 23:44:33,802 [INFO ]  Using categorical units to plot a list of strings that are all parsable as floats or dates. If these strings should be plotted as numbers, cast to the appropriate data type before plotting.
2025-08-26 23:44:33,805 [INFO ]  Using categorical units to plot a list of strings that are all parsable as floats or dates. If these strings should be plotted as numbers, cast to the appropriate data type before plotting.
2025-08-26 23:44:33,940 [INFO ]  Using categorical units to plot a list of strings that are all parsable as floats or dates. If these strings should be plotted as numbers, cast to the appropriate data type before plotting.
2025-08-26 23:44:33,944 [INFO ]  Using categorical units to plot a list of strings that are all parsable as floats or dates. If these strings should be plotted as numbers, cast to the appropriate data type before plotting.
2025-08-26 23:44:34,033 [INFO ]  Using categorical units to plot a list of strings that are all parsable as floats or dates. If these strings should be plotted as numbers, cast to the appropriate data type before plotting.
2025-08-26 23:44:34,035 [INFO ]  Using categorical units to plot a list of strings that are all parsable as floats or dates. If these strings should be plotted as numbers, cast to the appropriate data type before plotting.
2025-08-26 23:44:34,275 [INFO ]  Comparative analysis and visualizations are complete.
2025-08-26 23:44:34,276 [INFO ]  Writing run summary.
2025-08-26 23:44:34,282 [INFO ]  Run summary saved to: outputs/run_summary.txt
2025-08-26 23:44:34,282 [INFO ]  --- Analysis Run Complete ---
